2016-07-30 10:09:58,506 INFO [com.ultrapower.qingcloud.driver.QyInstances] - runInstances start
2016-07-30 10:09:58,508 INFO [com.ultrapower.qingcloud.util.UrlFormatUtil] - {"instances.1":"i-yyh6kk07","instances.2":"i-z5libxtx","zone":"gd1"}
2016-07-30 10:09:58,742 INFO [com.ultrapower.qingcloud.util.UrlFormatUtil] - 签名串:GET
/iaas/
access_key_id=ZPDNGLPQMOQRWZSOCZRG&action=TerminateInstances&instances.1=i-yyh6kk07&instances.2=i-z5libxtx&signature_method=HmacSHA256&signature_version=1&time_stamp=2016-07-30T10%3A09%3A58Z&version=1&zone=gd1
2016-07-30 10:09:58,742 INFO [com.ultrapower.qingcloud.util.UrlFormatUtil] - 秘钥:8bEruMQ1x3Nl1rAjAgJffzlKJQDRDMY3yJSplveN
2016-07-30 10:09:58,924 INFO [com.ultrapower.qingcloud.util.UrlFormatUtil] - 实际URL:https://api.qingcloud.com/iaas/?access_key_id=ZPDNGLPQMOQRWZSOCZRG&action=TerminateInstances&instances.1=i-yyh6kk07&instances.2=i-z5libxtx&signature_method=HmacSHA256&signature_version=1&time_stamp=2016-07-30T10%3A09%3A58Z&version=1&zone=gd1&signature=nbyJSKtimeCIH0hyUbEnmqb3BVa%2FX8YCKDBTPzNX08I%3D
2016-07-30 10:09:59,143 DEBUG [org.apache.http.impl.conn.BasicClientConnectionManager] - Get connection for route {s}->https://api.qingcloud.com:443
2016-07-30 10:10:00,094 DEBUG [org.apache.http.impl.conn.DefaultClientConnectionOperator] - Connecting to api.qingcloud.com:443
2016-07-30 10:10:00,465 DEBUG [org.apache.http.client.protocol.RequestAddCookies] - CookieSpec selected: default
2016-07-30 10:10:00,467 DEBUG [org.apache.http.client.protocol.RequestAuthCache] - Auth cache not set in the context
2016-07-30 10:10:00,467 DEBUG [org.apache.http.client.protocol.RequestTargetAuthentication] - Target auth state: UNCHALLENGED
2016-07-30 10:10:00,468 DEBUG [org.apache.http.client.protocol.RequestProxyAuthentication] - Proxy auth state: UNCHALLENGED
2016-07-30 10:10:00,468 DEBUG [org.apache.http.impl.client.DefaultHttpClient] - Attempt 1 to execute request
2016-07-30 10:10:00,468 DEBUG [org.apache.http.impl.conn.DefaultClientConnection] - Sending request: GET /iaas/?access_key_id=ZPDNGLPQMOQRWZSOCZRG&action=TerminateInstances&instances.1=i-yyh6kk07&instances.2=i-z5libxtx&signature_method=HmacSHA256&signature_version=1&time_stamp=2016-07-30T10%3A09%3A58Z&version=1&zone=gd1&signature=nbyJSKtimeCIH0hyUbEnmqb3BVa%2FX8YCKDBTPzNX08I%3D HTTP/1.1
2016-07-30 10:10:00,469 DEBUG [org.apache.http.wire] -  >> "GET /iaas/?access_key_id=ZPDNGLPQMOQRWZSOCZRG&action=TerminateInstances&instances.1=i-yyh6kk07&instances.2=i-z5libxtx&signature_method=HmacSHA256&signature_version=1&time_stamp=2016-07-30T10%3A09%3A58Z&version=1&zone=gd1&signature=nbyJSKtimeCIH0hyUbEnmqb3BVa%2FX8YCKDBTPzNX08I%3D HTTP/1.1[\r][\n]"
2016-07-30 10:10:00,470 DEBUG [org.apache.http.wire] -  >> "Host: api.qingcloud.com[\r][\n]"
2016-07-30 10:10:00,470 DEBUG [org.apache.http.wire] -  >> "Connection: Keep-Alive[\r][\n]"
2016-07-30 10:10:00,470 DEBUG [org.apache.http.wire] -  >> "User-Agent: Apache-HttpClient/4.5.2 (Java/1.7.0_79)[\r][\n]"
2016-07-30 10:10:00,470 DEBUG [org.apache.http.wire] -  >> "[\r][\n]"
2016-07-30 10:10:00,470 DEBUG [org.apache.http.headers] - >> GET /iaas/?access_key_id=ZPDNGLPQMOQRWZSOCZRG&action=TerminateInstances&instances.1=i-yyh6kk07&instances.2=i-z5libxtx&signature_method=HmacSHA256&signature_version=1&time_stamp=2016-07-30T10%3A09%3A58Z&version=1&zone=gd1&signature=nbyJSKtimeCIH0hyUbEnmqb3BVa%2FX8YCKDBTPzNX08I%3D HTTP/1.1
2016-07-30 10:10:00,471 DEBUG [org.apache.http.headers] - >> Host: api.qingcloud.com
2016-07-30 10:10:00,471 DEBUG [org.apache.http.headers] - >> Connection: Keep-Alive
2016-07-30 10:10:00,471 DEBUG [org.apache.http.headers] - >> User-Agent: Apache-HttpClient/4.5.2 (Java/1.7.0_79)
2016-07-30 10:10:00,722 DEBUG [org.apache.http.wire] -  << "HTTP/1.1 200 OK[\r][\n]"
2016-07-30 10:10:00,723 DEBUG [org.apache.http.wire] -  << "Server: nginx[\r][\n]"
2016-07-30 10:10:00,723 DEBUG [org.apache.http.wire] -  << "Date: Sat, 30 Jul 2016 02:10:00 GMT[\r][\n]"
2016-07-30 10:10:00,723 DEBUG [org.apache.http.wire] -  << "Content-Type: application/json[\r][\n]"
2016-07-30 10:10:00,723 DEBUG [org.apache.http.wire] -  << "Transfer-Encoding: chunked[\r][\n]"
2016-07-30 10:10:00,724 DEBUG [org.apache.http.wire] -  << "Connection: keep-alive[\r][\n]"
2016-07-30 10:10:00,724 DEBUG [org.apache.http.wire] -  << "X-Powered-By-Defense:  from dx_xm_wy_kd_58[\r][\n]"
2016-07-30 10:10:00,724 DEBUG [org.apache.http.wire] -  << "[\r][\n]"
2016-07-30 10:10:00,724 DEBUG [org.apache.http.impl.conn.DefaultClientConnection] - Receiving response: HTTP/1.1 200 OK
2016-07-30 10:10:00,724 DEBUG [org.apache.http.headers] - << HTTP/1.1 200 OK
2016-07-30 10:10:00,724 DEBUG [org.apache.http.headers] - << Server: nginx
2016-07-30 10:10:00,724 DEBUG [org.apache.http.headers] - << Date: Sat, 30 Jul 2016 02:10:00 GMT
2016-07-30 10:10:00,724 DEBUG [org.apache.http.headers] - << Content-Type: application/json
2016-07-30 10:10:00,724 DEBUG [org.apache.http.headers] - << Transfer-Encoding: chunked
2016-07-30 10:10:00,724 DEBUG [org.apache.http.headers] - << Connection: keep-alive
2016-07-30 10:10:00,724 DEBUG [org.apache.http.headers] - << X-Powered-By-Defense:  from dx_xm_wy_kd_58
2016-07-30 10:10:00,729 DEBUG [org.apache.http.impl.client.DefaultHttpClient] - Connection can be kept alive indefinitely
2016-07-30 10:10:00,741 DEBUG [org.apache.http.wire] -  << "5e[\r][\n]"
2016-07-30 10:10:00,741 DEBUG [org.apache.http.wire] -  << "{"message":"PermissionDenied, resource [i-z5libxtx] has already been deleted","ret_code":1400}"
2016-07-30 10:10:00,741 DEBUG [org.apache.http.wire] -  << "[\r][\n]"
2016-07-30 10:10:00,741 DEBUG [org.apache.http.wire] -  << "0[\r][\n]"
2016-07-30 10:10:00,741 DEBUG [org.apache.http.wire] -  << "[\r][\n]"
2016-07-30 10:10:00,741 DEBUG [org.apache.http.impl.conn.BasicClientConnectionManager] - Releasing connection org.apache.http.impl.conn.ManagedClientConnectionImpl@63067771
2016-07-30 10:10:00,741 DEBUG [org.apache.http.impl.conn.BasicClientConnectionManager] - Connection can be kept alive indefinitely
2016-07-30 10:10:00,741 INFO [com.ultrapower.qingcloud.util.HttpClientUtil] - response={"message":"PermissionDenied, resource [i-z5libxtx] has already been deleted","ret_code":1400}
2016-07-30 10:10:00,741 INFO [com.ultrapower.qingcloud.driver.QyInstances] - runInstances end
2016-07-30 10:57:13,000 INFO [com.ultrapower.qingcloud.driver.QyInstances] - describeInstances start
2016-07-30 10:57:13,002 INFO [com.ultrapower.qingcloud.util.UrlFormatUtil] - {"status.1":"stopped","status.2":"running","instances.1":"i-izbcc6k1","instances.2":"i-wjqqravb","zone":"gd1"}
2016-07-30 10:57:13,265 INFO [com.ultrapower.qingcloud.util.UrlFormatUtil] - 签名串:GET
/iaas/
access_key_id=ZPDNGLPQMOQRWZSOCZRG&action=DescribeInstances&instances.1=i-izbcc6k1&instances.2=i-wjqqravb&signature_method=HmacSHA256&signature_version=1&status.1=stopped&status.2=running&time_stamp=2016-07-30T10%3A57%3A13Z&version=1&zone=gd1
2016-07-30 10:57:13,265 INFO [com.ultrapower.qingcloud.util.UrlFormatUtil] - 秘钥:8bEruMQ1x3Nl1rAjAgJffzlKJQDRDMY3yJSplveN
2016-07-30 10:57:13,449 INFO [com.ultrapower.qingcloud.util.UrlFormatUtil] - 实际URL:https://api.qingcloud.com/iaas/?access_key_id=ZPDNGLPQMOQRWZSOCZRG&action=DescribeInstances&instances.1=i-izbcc6k1&instances.2=i-wjqqravb&signature_method=HmacSHA256&signature_version=1&status.1=stopped&status.2=running&time_stamp=2016-07-30T10%3A57%3A13Z&version=1&zone=gd1&signature=ek8tYYhIeUCJJYYJGxtXUjhCgX%2Fm%2F1zoQ4xWlT1bQRQ%3D
2016-07-30 10:57:13,685 DEBUG [org.apache.http.impl.conn.BasicClientConnectionManager] - Get connection for route {s}->https://api.qingcloud.com:443
2016-07-30 10:57:15,168 DEBUG [org.apache.http.impl.conn.DefaultClientConnectionOperator] - Connecting to api.qingcloud.com:443
2016-07-30 10:57:15,513 DEBUG [org.apache.http.client.protocol.RequestAddCookies] - CookieSpec selected: default
2016-07-30 10:57:15,514 DEBUG [org.apache.http.client.protocol.RequestAuthCache] - Auth cache not set in the context
2016-07-30 10:57:15,514 DEBUG [org.apache.http.client.protocol.RequestTargetAuthentication] - Target auth state: UNCHALLENGED
2016-07-30 10:57:15,514 DEBUG [org.apache.http.client.protocol.RequestProxyAuthentication] - Proxy auth state: UNCHALLENGED
2016-07-30 10:57:15,514 DEBUG [org.apache.http.impl.client.DefaultHttpClient] - Attempt 1 to execute request
2016-07-30 10:57:15,515 DEBUG [org.apache.http.impl.conn.DefaultClientConnection] - Sending request: GET /iaas/?access_key_id=ZPDNGLPQMOQRWZSOCZRG&action=DescribeInstances&instances.1=i-izbcc6k1&instances.2=i-wjqqravb&signature_method=HmacSHA256&signature_version=1&status.1=stopped&status.2=running&time_stamp=2016-07-30T10%3A57%3A13Z&version=1&zone=gd1&signature=ek8tYYhIeUCJJYYJGxtXUjhCgX%2Fm%2F1zoQ4xWlT1bQRQ%3D HTTP/1.1
2016-07-30 10:57:15,515 DEBUG [org.apache.http.wire] -  >> "GET /iaas/?access_key_id=ZPDNGLPQMOQRWZSOCZRG&action=DescribeInstances&instances.1=i-izbcc6k1&instances.2=i-wjqqravb&signature_method=HmacSHA256&signature_version=1&status.1=stopped&status.2=running&time_stamp=2016-07-30T10%3A57%3A13Z&version=1&zone=gd1&signature=ek8tYYhIeUCJJYYJGxtXUjhCgX%2Fm%2F1zoQ4xWlT1bQRQ%3D HTTP/1.1[\r][\n]"
2016-07-30 10:57:15,516 DEBUG [org.apache.http.wire] -  >> "Host: api.qingcloud.com[\r][\n]"
2016-07-30 10:57:15,516 DEBUG [org.apache.http.wire] -  >> "Connection: Keep-Alive[\r][\n]"
2016-07-30 10:57:15,516 DEBUG [org.apache.http.wire] -  >> "User-Agent: Apache-HttpClient/4.5.2 (Java/1.7.0_79)[\r][\n]"
2016-07-30 10:57:15,516 DEBUG [org.apache.http.wire] -  >> "[\r][\n]"
2016-07-30 10:57:15,516 DEBUG [org.apache.http.headers] - >> GET /iaas/?access_key_id=ZPDNGLPQMOQRWZSOCZRG&action=DescribeInstances&instances.1=i-izbcc6k1&instances.2=i-wjqqravb&signature_method=HmacSHA256&signature_version=1&status.1=stopped&status.2=running&time_stamp=2016-07-30T10%3A57%3A13Z&version=1&zone=gd1&signature=ek8tYYhIeUCJJYYJGxtXUjhCgX%2Fm%2F1zoQ4xWlT1bQRQ%3D HTTP/1.1
2016-07-30 10:57:15,516 DEBUG [org.apache.http.headers] - >> Host: api.qingcloud.com
2016-07-30 10:57:15,516 DEBUG [org.apache.http.headers] - >> Connection: Keep-Alive
2016-07-30 10:57:15,516 DEBUG [org.apache.http.headers] - >> User-Agent: Apache-HttpClient/4.5.2 (Java/1.7.0_79)
2016-07-30 10:57:15,772 DEBUG [org.apache.http.wire] -  << "HTTP/1.1 200 OK[\r][\n]"
2016-07-30 10:57:15,774 DEBUG [org.apache.http.wire] -  << "Server: nginx[\r][\n]"
2016-07-30 10:57:15,775 DEBUG [org.apache.http.wire] -  << "Date: Sat, 30 Jul 2016 02:57:15 GMT[\r][\n]"
2016-07-30 10:57:15,775 DEBUG [org.apache.http.wire] -  << "Content-Type: application/json[\r][\n]"
2016-07-30 10:57:15,775 DEBUG [org.apache.http.wire] -  << "Transfer-Encoding: chunked[\r][\n]"
2016-07-30 10:57:15,775 DEBUG [org.apache.http.wire] -  << "Connection: keep-alive[\r][\n]"
2016-07-30 10:57:15,775 DEBUG [org.apache.http.wire] -  << "X-Powered-By-Defense:  from dx_xm_wy_kd_58[\r][\n]"
2016-07-30 10:57:15,775 DEBUG [org.apache.http.wire] -  << "[\r][\n]"
2016-07-30 10:57:15,776 DEBUG [org.apache.http.impl.conn.DefaultClientConnection] - Receiving response: HTTP/1.1 200 OK
2016-07-30 10:57:15,776 DEBUG [org.apache.http.headers] - << HTTP/1.1 200 OK
2016-07-30 10:57:15,776 DEBUG [org.apache.http.headers] - << Server: nginx
2016-07-30 10:57:15,776 DEBUG [org.apache.http.headers] - << Date: Sat, 30 Jul 2016 02:57:15 GMT
2016-07-30 10:57:15,776 DEBUG [org.apache.http.headers] - << Content-Type: application/json
2016-07-30 10:57:15,776 DEBUG [org.apache.http.headers] - << Transfer-Encoding: chunked
2016-07-30 10:57:15,776 DEBUG [org.apache.http.headers] - << Connection: keep-alive
2016-07-30 10:57:15,776 DEBUG [org.apache.http.headers] - << X-Powered-By-Defense:  from dx_xm_wy_kd_58
2016-07-30 10:57:15,781 DEBUG [org.apache.http.impl.client.DefaultHttpClient] - Connection can be kept alive indefinitely
2016-07-30 10:57:15,793 DEBUG [org.apache.http.wire] -  << "3d6[\r][\n]"
2016-07-30 10:57:15,793 DEBUG [org.apache.http.wire] -  << "{"action":"DescribeInstancesResponse","instance_set":[{"vcpus_current":1,"status":"stopped","vxnets":[{"vxnet_name":"liujun_lan","vxnet_type":1,"vxnet_id":"vxnet-6ygoe7g","nic_id":"52:54:db:42:91:f9","private_ip":null}],"memory_current":1024,"cpu_topology":"","extra":{"no_restrict":0,"nic_mqueue":0,"no_limit":0,"cpu_max":0,"cpu_model":"","mem_max":0,"features":0,"slots":{"i|52:54:db:42:91:f9":"s|0x03"},"boot_dev":"","block_bus":"","usb":0},"lastest_snapshot_time":"","image":{"ui_type":"tui","processor_type":"64bit","platform":"linux","image_size":20,"image_name":"CentOS 7.2 64bit","image_id":"centos7x64d","os_family":"centos","provider":"system"},"transition_status":"","instance_id":"i-wjqqravb","instance_type":"c1m1","instance_class":0,"create_time":"2016-07-29T08:13:06Z","alarm_status":"","dns_aliases":[],"owner":"usr-UdsBKvWf","status_time":"2016-07-29T08:13:33Z","instance_name":"liujuntest1","sub_code":0,"tags":[],"description":null}],"total_count":1,"ret_code":0}"
2016-07-30 10:57:15,793 DEBUG [org.apache.http.wire] -  << "[\r][\n]"
2016-07-30 10:57:15,793 DEBUG [org.apache.http.wire] -  << "0[\r][\n]"
2016-07-30 10:57:15,793 DEBUG [org.apache.http.wire] -  << "[\r][\n]"
2016-07-30 10:57:15,793 DEBUG [org.apache.http.impl.conn.BasicClientConnectionManager] - Releasing connection org.apache.http.impl.conn.ManagedClientConnectionImpl@651fe8ed
2016-07-30 10:57:15,793 DEBUG [org.apache.http.impl.conn.BasicClientConnectionManager] - Connection can be kept alive indefinitely
2016-07-30 10:57:15,793 INFO [com.ultrapower.qingcloud.util.HttpClientUtil] - response={"action":"DescribeInstancesResponse","instance_set":[{"vcpus_current":1,"status":"stopped","vxnets":[{"vxnet_name":"liujun_lan","vxnet_type":1,"vxnet_id":"vxnet-6ygoe7g","nic_id":"52:54:db:42:91:f9","private_ip":null}],"memory_current":1024,"cpu_topology":"","extra":{"no_restrict":0,"nic_mqueue":0,"no_limit":0,"cpu_max":0,"cpu_model":"","mem_max":0,"features":0,"slots":{"i|52:54:db:42:91:f9":"s|0x03"},"boot_dev":"","block_bus":"","usb":0},"lastest_snapshot_time":"","image":{"ui_type":"tui","processor_type":"64bit","platform":"linux","image_size":20,"image_name":"CentOS 7.2 64bit","image_id":"centos7x64d","os_family":"centos","provider":"system"},"transition_status":"","instance_id":"i-wjqqravb","instance_type":"c1m1","instance_class":0,"create_time":"2016-07-29T08:13:06Z","alarm_status":"","dns_aliases":[],"owner":"usr-UdsBKvWf","status_time":"2016-07-29T08:13:33Z","instance_name":"liujuntest1","sub_code":0,"tags":[],"description":null}],"total_count":1,"ret_code":0}
2016-07-30 10:57:15,793 INFO [com.ultrapower.qingcloud.driver.QyInstances] - describeInstances end
2016-07-30 12:21:16,423 INFO [com.ultrapower.qingcloud.driver.QyInstances] - describeInstances start
2016-07-30 12:21:16,425 INFO [com.ultrapower.qingcloud.util.UrlFormatUtil] - {"status.1":"stopped","status.2":"running","instances.1":"i-izbcc6k1","instances.2":"i-wjqqravb","zone":"gd1"}
2016-07-30 12:21:16,685 INFO [com.ultrapower.qingcloud.util.UrlFormatUtil] - 签名串:GET
/iaas/
access_key_id=ZPDNGLPQMOQRWZSOCZRG&action=DescribeInstances&instances.1=i-izbcc6k1&instances.2=i-wjqqravb&signature_method=HmacSHA256&signature_version=1&status.1=stopped&status.2=running&time_stamp=2016-07-30T12%3A21%3A16Z&version=1&zone=gd1
2016-07-30 12:21:16,685 INFO [com.ultrapower.qingcloud.util.UrlFormatUtil] - 秘钥:8bEruMQ1x3Nl1rAjAgJffzlKJQDRDMY3yJSplveN
2016-07-30 12:21:16,877 INFO [com.ultrapower.qingcloud.util.UrlFormatUtil] - 实际URL:https://api.qingcloud.com/iaas/?access_key_id=ZPDNGLPQMOQRWZSOCZRG&action=DescribeInstances&instances.1=i-izbcc6k1&instances.2=i-wjqqravb&signature_method=HmacSHA256&signature_version=1&status.1=stopped&status.2=running&time_stamp=2016-07-30T12%3A21%3A16Z&version=1&zone=gd1&signature=0fFRG5xP4hEEkkG2nfYMbOEc%2BX1C0K31xfT9fUJ%2B7T8%3D
2016-07-30 12:21:17,094 DEBUG [org.apache.http.impl.conn.BasicClientConnectionManager] - Get connection for route {s}->https://api.qingcloud.com:443
2016-07-30 12:21:18,022 DEBUG [org.apache.http.impl.conn.DefaultClientConnectionOperator] - Connecting to api.qingcloud.com:443
2016-07-30 12:21:18,498 DEBUG [org.apache.http.client.protocol.RequestAddCookies] - CookieSpec selected: default
2016-07-30 12:21:18,500 DEBUG [org.apache.http.client.protocol.RequestAuthCache] - Auth cache not set in the context
2016-07-30 12:21:18,500 DEBUG [org.apache.http.client.protocol.RequestTargetAuthentication] - Target auth state: UNCHALLENGED
2016-07-30 12:21:18,501 DEBUG [org.apache.http.client.protocol.RequestProxyAuthentication] - Proxy auth state: UNCHALLENGED
2016-07-30 12:21:18,501 DEBUG [org.apache.http.impl.client.DefaultHttpClient] - Attempt 1 to execute request
2016-07-30 12:21:18,501 DEBUG [org.apache.http.impl.conn.DefaultClientConnection] - Sending request: GET /iaas/?access_key_id=ZPDNGLPQMOQRWZSOCZRG&action=DescribeInstances&instances.1=i-izbcc6k1&instances.2=i-wjqqravb&signature_method=HmacSHA256&signature_version=1&status.1=stopped&status.2=running&time_stamp=2016-07-30T12%3A21%3A16Z&version=1&zone=gd1&signature=0fFRG5xP4hEEkkG2nfYMbOEc%2BX1C0K31xfT9fUJ%2B7T8%3D HTTP/1.1
2016-07-30 12:21:18,501 DEBUG [org.apache.http.wire] -  >> "GET /iaas/?access_key_id=ZPDNGLPQMOQRWZSOCZRG&action=DescribeInstances&instances.1=i-izbcc6k1&instances.2=i-wjqqravb&signature_method=HmacSHA256&signature_version=1&status.1=stopped&status.2=running&time_stamp=2016-07-30T12%3A21%3A16Z&version=1&zone=gd1&signature=0fFRG5xP4hEEkkG2nfYMbOEc%2BX1C0K31xfT9fUJ%2B7T8%3D HTTP/1.1[\r][\n]"
2016-07-30 12:21:18,502 DEBUG [org.apache.http.wire] -  >> "Host: api.qingcloud.com[\r][\n]"
2016-07-30 12:21:18,502 DEBUG [org.apache.http.wire] -  >> "Connection: Keep-Alive[\r][\n]"
2016-07-30 12:21:18,503 DEBUG [org.apache.http.wire] -  >> "User-Agent: Apache-HttpClient/4.5.2 (Java/1.7.0_79)[\r][\n]"
2016-07-30 12:21:18,503 DEBUG [org.apache.http.wire] -  >> "[\r][\n]"
2016-07-30 12:21:18,503 DEBUG [org.apache.http.headers] - >> GET /iaas/?access_key_id=ZPDNGLPQMOQRWZSOCZRG&action=DescribeInstances&instances.1=i-izbcc6k1&instances.2=i-wjqqravb&signature_method=HmacSHA256&signature_version=1&status.1=stopped&status.2=running&time_stamp=2016-07-30T12%3A21%3A16Z&version=1&zone=gd1&signature=0fFRG5xP4hEEkkG2nfYMbOEc%2BX1C0K31xfT9fUJ%2B7T8%3D HTTP/1.1
2016-07-30 12:21:18,503 DEBUG [org.apache.http.headers] - >> Host: api.qingcloud.com
2016-07-30 12:21:18,503 DEBUG [org.apache.http.headers] - >> Connection: Keep-Alive
2016-07-30 12:21:18,503 DEBUG [org.apache.http.headers] - >> User-Agent: Apache-HttpClient/4.5.2 (Java/1.7.0_79)
2016-07-30 12:21:18,787 DEBUG [org.apache.http.wire] -  << "HTTP/1.1 200 OK[\r][\n]"
2016-07-30 12:21:18,789 DEBUG [org.apache.http.wire] -  << "Server: nginx[\r][\n]"
2016-07-30 12:21:18,789 DEBUG [org.apache.http.wire] -  << "Date: Sat, 30 Jul 2016 04:21:18 GMT[\r][\n]"
2016-07-30 12:21:18,789 DEBUG [org.apache.http.wire] -  << "Content-Type: application/json[\r][\n]"
2016-07-30 12:21:18,789 DEBUG [org.apache.http.wire] -  << "Transfer-Encoding: chunked[\r][\n]"
2016-07-30 12:21:18,789 DEBUG [org.apache.http.wire] -  << "Connection: keep-alive[\r][\n]"
2016-07-30 12:21:18,789 DEBUG [org.apache.http.wire] -  << "X-Powered-By-Defense:  from dx_xm_wy_kd_58[\r][\n]"
2016-07-30 12:21:18,789 DEBUG [org.apache.http.wire] -  << "[\r][\n]"
2016-07-30 12:21:18,791 DEBUG [org.apache.http.impl.conn.DefaultClientConnection] - Receiving response: HTTP/1.1 200 OK
2016-07-30 12:21:18,791 DEBUG [org.apache.http.headers] - << HTTP/1.1 200 OK
2016-07-30 12:21:18,791 DEBUG [org.apache.http.headers] - << Server: nginx
2016-07-30 12:21:18,791 DEBUG [org.apache.http.headers] - << Date: Sat, 30 Jul 2016 04:21:18 GMT
2016-07-30 12:21:18,791 DEBUG [org.apache.http.headers] - << Content-Type: application/json
2016-07-30 12:21:18,791 DEBUG [org.apache.http.headers] - << Transfer-Encoding: chunked
2016-07-30 12:21:18,791 DEBUG [org.apache.http.headers] - << Connection: keep-alive
2016-07-30 12:21:18,791 DEBUG [org.apache.http.headers] - << X-Powered-By-Defense:  from dx_xm_wy_kd_58
2016-07-30 12:21:18,812 DEBUG [org.apache.http.impl.client.DefaultHttpClient] - Connection can be kept alive indefinitely
2016-07-30 12:21:18,838 DEBUG [org.apache.http.wire] -  << "3d6[\r][\n]"
2016-07-30 12:21:18,838 DEBUG [org.apache.http.wire] -  << "{"action":"DescribeInstancesResponse","instance_set":[{"vcpus_current":1,"status":"stopped","vxnets":[{"vxnet_name":"liujun_lan","vxnet_type":1,"vxnet_id":"vxnet-6ygoe7g","nic_id":"52:54:db:42:91:f9","private_ip":null}],"memory_current":1024,"cpu_topology":"","extra":{"no_restrict":0,"nic_mqueue":0,"no_limit":0,"cpu_max":0,"cpu_model":"","mem_max":0,"features":0,"slots":{"i|52:54:db:42:91:f9":"s|0x03"},"boot_dev":"","block_bus":"","usb":0},"lastest_snapshot_time":"","image":{"ui_type":"tui","processor_type":"64bit","platform":"linux","image_size":20,"image_name":"CentOS 7.2 64bit","image_id":"centos7x64d","os_family":"centos","provider":"system"},"transition_status":"","instance_id":"i-wjqqravb","instance_type":"c1m1","instance_class":0,"create_time":"2016-07-29T08:13:06Z","alarm_status":"","dns_aliases":[],"owner":"usr-UdsBKvWf","status_time":"2016-07-29T08:13:33Z","instance_name":"liujuntest1","sub_code":0,"tags":[],"description":null}],"total_count":1,"ret_code":0}"
2016-07-30 12:21:18,839 DEBUG [org.apache.http.wire] -  << "[\r][\n]"
2016-07-30 12:21:18,839 DEBUG [org.apache.http.wire] -  << "0[\r][\n]"
2016-07-30 12:21:18,839 DEBUG [org.apache.http.wire] -  << "[\r][\n]"
2016-07-30 12:21:18,839 DEBUG [org.apache.http.impl.conn.BasicClientConnectionManager] - Releasing connection org.apache.http.impl.conn.ManagedClientConnectionImpl@57fa1e67
2016-07-30 12:21:18,839 DEBUG [org.apache.http.impl.conn.BasicClientConnectionManager] - Connection can be kept alive indefinitely
2016-07-30 12:21:18,839 INFO [com.ultrapower.qingcloud.util.HttpClientUtil] - response={"action":"DescribeInstancesResponse","instance_set":[{"vcpus_current":1,"status":"stopped","vxnets":[{"vxnet_name":"liujun_lan","vxnet_type":1,"vxnet_id":"vxnet-6ygoe7g","nic_id":"52:54:db:42:91:f9","private_ip":null}],"memory_current":1024,"cpu_topology":"","extra":{"no_restrict":0,"nic_mqueue":0,"no_limit":0,"cpu_max":0,"cpu_model":"","mem_max":0,"features":0,"slots":{"i|52:54:db:42:91:f9":"s|0x03"},"boot_dev":"","block_bus":"","usb":0},"lastest_snapshot_time":"","image":{"ui_type":"tui","processor_type":"64bit","platform":"linux","image_size":20,"image_name":"CentOS 7.2 64bit","image_id":"centos7x64d","os_family":"centos","provider":"system"},"transition_status":"","instance_id":"i-wjqqravb","instance_type":"c1m1","instance_class":0,"create_time":"2016-07-29T08:13:06Z","alarm_status":"","dns_aliases":[],"owner":"usr-UdsBKvWf","status_time":"2016-07-29T08:13:33Z","instance_name":"liujuntest1","sub_code":0,"tags":[],"description":null}],"total_count":1,"ret_code":0}
2016-07-30 12:21:18,839 INFO [com.ultrapower.qingcloud.driver.QyInstances] - describeInstances end
2016-07-30 12:22:02,867 INFO [com.ultrapower.qingcloud.driver.QyInstances] - describeInstances start
2016-07-30 12:22:02,868 INFO [com.ultrapower.qingcloud.util.UrlFormatUtil] - {"status.1":"stopped","status.2":"running","instances.1":"i-izbcc6k1","instances.2":"i-wjqqravb","zone":"gd1"}
2016-07-30 12:22:03,112 INFO [com.ultrapower.qingcloud.util.UrlFormatUtil] - 签名串:GET
/iaas/
access_key_id=ZPDNGLPQMOQRWZSOCZRG&action=DescribeInstances&instances.1=i-izbcc6k1&instances.2=i-wjqqravb&signature_method=HmacSHA256&signature_version=1&status.1=stopped&status.2=running&time_stamp=2016-07-30T12%3A22%3A03Z&version=1&zone=gd1
2016-07-30 12:22:03,112 INFO [com.ultrapower.qingcloud.util.UrlFormatUtil] - 秘钥:8bEruMQ1x3Nl1rAjAgJffzlKJQDRDMY3yJSplveN
2016-07-30 12:22:03,320 INFO [com.ultrapower.qingcloud.util.UrlFormatUtil] - 实际URL:https://api.qingcloud.com/iaas/?access_key_id=ZPDNGLPQMOQRWZSOCZRG&action=DescribeInstances&instances.1=i-izbcc6k1&instances.2=i-wjqqravb&signature_method=HmacSHA256&signature_version=1&status.1=stopped&status.2=running&time_stamp=2016-07-30T12%3A22%3A03Z&version=1&zone=gd1&signature=KRvVlSAC4Hub5RGksL7W%2FK%2FYWcFtaLAt4%2F%2FdxiRYgFA%3D
2016-07-30 12:22:03,560 DEBUG [org.apache.http.impl.conn.BasicClientConnectionManager] - Get connection for route {s}->https://api.qingcloud.com:443
2016-07-30 12:22:03,706 DEBUG [org.apache.http.impl.conn.DefaultClientConnectionOperator] - Connecting to api.qingcloud.com:443
2016-07-30 12:22:04,161 DEBUG [org.apache.http.client.protocol.RequestAddCookies] - CookieSpec selected: default
2016-07-30 12:22:04,163 DEBUG [org.apache.http.client.protocol.RequestAuthCache] - Auth cache not set in the context
2016-07-30 12:22:04,163 DEBUG [org.apache.http.client.protocol.RequestTargetAuthentication] - Target auth state: UNCHALLENGED
2016-07-30 12:22:04,164 DEBUG [org.apache.http.client.protocol.RequestProxyAuthentication] - Proxy auth state: UNCHALLENGED
2016-07-30 12:22:04,164 DEBUG [org.apache.http.impl.client.DefaultHttpClient] - Attempt 1 to execute request
2016-07-30 12:22:04,164 DEBUG [org.apache.http.impl.conn.DefaultClientConnection] - Sending request: GET /iaas/?access_key_id=ZPDNGLPQMOQRWZSOCZRG&action=DescribeInstances&instances.1=i-izbcc6k1&instances.2=i-wjqqravb&signature_method=HmacSHA256&signature_version=1&status.1=stopped&status.2=running&time_stamp=2016-07-30T12%3A22%3A03Z&version=1&zone=gd1&signature=KRvVlSAC4Hub5RGksL7W%2FK%2FYWcFtaLAt4%2F%2FdxiRYgFA%3D HTTP/1.1
2016-07-30 12:22:04,165 DEBUG [org.apache.http.wire] -  >> "GET /iaas/?access_key_id=ZPDNGLPQMOQRWZSOCZRG&action=DescribeInstances&instances.1=i-izbcc6k1&instances.2=i-wjqqravb&signature_method=HmacSHA256&signature_version=1&status.1=stopped&status.2=running&time_stamp=2016-07-30T12%3A22%3A03Z&version=1&zone=gd1&signature=KRvVlSAC4Hub5RGksL7W%2FK%2FYWcFtaLAt4%2F%2FdxiRYgFA%3D HTTP/1.1[\r][\n]"
2016-07-30 12:22:04,166 DEBUG [org.apache.http.wire] -  >> "Host: api.qingcloud.com[\r][\n]"
2016-07-30 12:22:04,166 DEBUG [org.apache.http.wire] -  >> "Connection: Keep-Alive[\r][\n]"
2016-07-30 12:22:04,166 DEBUG [org.apache.http.wire] -  >> "User-Agent: Apache-HttpClient/4.5.2 (Java/1.7.0_79)[\r][\n]"
2016-07-30 12:22:04,166 DEBUG [org.apache.http.wire] -  >> "[\r][\n]"
2016-07-30 12:22:04,166 DEBUG [org.apache.http.headers] - >> GET /iaas/?access_key_id=ZPDNGLPQMOQRWZSOCZRG&action=DescribeInstances&instances.1=i-izbcc6k1&instances.2=i-wjqqravb&signature_method=HmacSHA256&signature_version=1&status.1=stopped&status.2=running&time_stamp=2016-07-30T12%3A22%3A03Z&version=1&zone=gd1&signature=KRvVlSAC4Hub5RGksL7W%2FK%2FYWcFtaLAt4%2F%2FdxiRYgFA%3D HTTP/1.1
2016-07-30 12:22:04,166 DEBUG [org.apache.http.headers] - >> Host: api.qingcloud.com
2016-07-30 12:22:04,166 DEBUG [org.apache.http.headers] - >> Connection: Keep-Alive
2016-07-30 12:22:04,166 DEBUG [org.apache.http.headers] - >> User-Agent: Apache-HttpClient/4.5.2 (Java/1.7.0_79)
2016-07-30 12:22:04,425 DEBUG [org.apache.http.wire] -  << "HTTP/1.1 200 OK[\r][\n]"
2016-07-30 12:22:04,426 DEBUG [org.apache.http.wire] -  << "Server: nginx[\r][\n]"
2016-07-30 12:22:04,426 DEBUG [org.apache.http.wire] -  << "Date: Sat, 30 Jul 2016 04:22:04 GMT[\r][\n]"
2016-07-30 12:22:04,426 DEBUG [org.apache.http.wire] -  << "Content-Type: application/json[\r][\n]"
2016-07-30 12:22:04,426 DEBUG [org.apache.http.wire] -  << "Transfer-Encoding: chunked[\r][\n]"
2016-07-30 12:22:04,426 DEBUG [org.apache.http.wire] -  << "Connection: keep-alive[\r][\n]"
2016-07-30 12:22:04,426 DEBUG [org.apache.http.wire] -  << "X-Powered-By-Defense:  from dx_xm_wy_kd_58[\r][\n]"
2016-07-30 12:22:04,426 DEBUG [org.apache.http.wire] -  << "[\r][\n]"
2016-07-30 12:22:04,427 DEBUG [org.apache.http.impl.conn.DefaultClientConnection] - Receiving response: HTTP/1.1 200 OK
2016-07-30 12:22:04,427 DEBUG [org.apache.http.headers] - << HTTP/1.1 200 OK
2016-07-30 12:22:04,427 DEBUG [org.apache.http.headers] - << Server: nginx
2016-07-30 12:22:04,427 DEBUG [org.apache.http.headers] - << Date: Sat, 30 Jul 2016 04:22:04 GMT
2016-07-30 12:22:04,427 DEBUG [org.apache.http.headers] - << Content-Type: application/json
2016-07-30 12:22:04,427 DEBUG [org.apache.http.headers] - << Transfer-Encoding: chunked
2016-07-30 12:22:04,427 DEBUG [org.apache.http.headers] - << Connection: keep-alive
2016-07-30 12:22:04,427 DEBUG [org.apache.http.headers] - << X-Powered-By-Defense:  from dx_xm_wy_kd_58
2016-07-30 12:22:04,433 DEBUG [org.apache.http.impl.client.DefaultHttpClient] - Connection can be kept alive indefinitely
2016-07-30 12:22:04,444 DEBUG [org.apache.http.wire] -  << "3d6[\r][\n]"
2016-07-30 12:22:04,445 DEBUG [org.apache.http.wire] -  << "{"action":"DescribeInstancesResponse","instance_set":[{"vcpus_current":1,"status":"stopped","vxnets":[{"vxnet_name":"liujun_lan","vxnet_type":1,"vxnet_id":"vxnet-6ygoe7g","nic_id":"52:54:db:42:91:f9","private_ip":null}],"memory_current":1024,"cpu_topology":"","extra":{"no_restrict":0,"nic_mqueue":0,"no_limit":0,"cpu_max":0,"cpu_model":"","mem_max":0,"features":0,"slots":{"i|52:54:db:42:91:f9":"s|0x03"},"boot_dev":"","block_bus":"","usb":0},"lastest_snapshot_time":"","image":{"ui_type":"tui","processor_type":"64bit","platform":"linux","image_size":20,"image_name":"CentOS 7.2 64bit","image_id":"centos7x64d","os_family":"centos","provider":"system"},"transition_status":"","instance_id":"i-wjqqravb","instance_type":"c1m1","instance_class":0,"create_time":"2016-07-29T08:13:06Z","alarm_status":"","dns_aliases":[],"owner":"usr-UdsBKvWf","status_time":"2016-07-29T08:13:33Z","instance_name":"liujuntest1","sub_code":0,"tags":[],"description":null}],"total_count":1,"ret_code":0}"
2016-07-30 12:22:04,445 DEBUG [org.apache.http.wire] -  << "[\r][\n]"
2016-07-30 12:22:04,445 DEBUG [org.apache.http.wire] -  << "0[\r][\n]"
2016-07-30 12:22:04,445 DEBUG [org.apache.http.wire] -  << "[\r][\n]"
2016-07-30 12:22:04,445 DEBUG [org.apache.http.impl.conn.BasicClientConnectionManager] - Releasing connection org.apache.http.impl.conn.ManagedClientConnectionImpl@2d98370
2016-07-30 12:22:04,445 DEBUG [org.apache.http.impl.conn.BasicClientConnectionManager] - Connection can be kept alive indefinitely
2016-07-30 12:22:04,445 INFO [com.ultrapower.qingcloud.util.HttpClientUtil] - response={"action":"DescribeInstancesResponse","instance_set":[{"vcpus_current":1,"status":"stopped","vxnets":[{"vxnet_name":"liujun_lan","vxnet_type":1,"vxnet_id":"vxnet-6ygoe7g","nic_id":"52:54:db:42:91:f9","private_ip":null}],"memory_current":1024,"cpu_topology":"","extra":{"no_restrict":0,"nic_mqueue":0,"no_limit":0,"cpu_max":0,"cpu_model":"","mem_max":0,"features":0,"slots":{"i|52:54:db:42:91:f9":"s|0x03"},"boot_dev":"","block_bus":"","usb":0},"lastest_snapshot_time":"","image":{"ui_type":"tui","processor_type":"64bit","platform":"linux","image_size":20,"image_name":"CentOS 7.2 64bit","image_id":"centos7x64d","os_family":"centos","provider":"system"},"transition_status":"","instance_id":"i-wjqqravb","instance_type":"c1m1","instance_class":0,"create_time":"2016-07-29T08:13:06Z","alarm_status":"","dns_aliases":[],"owner":"usr-UdsBKvWf","status_time":"2016-07-29T08:13:33Z","instance_name":"liujuntest1","sub_code":0,"tags":[],"description":null}],"total_count":1,"ret_code":0}
2016-07-30 12:22:04,445 INFO [com.ultrapower.qingcloud.driver.QyInstances] - describeInstances end
